[synchconnects.com/index.html]
[backblue.gif]
[fade.gif]
[index.html]
[synchconnects.com/assets/images/social-card.html]
[synchconnects.com/assets/logo.png]
[synchconnects.com/wallet/css2.html]
[synchconnects.com/wallet/bootstrap.min.css]
[synchconnects.com/wallet/main.css]
[synchconnects.com/index-2.html]
[synchconnects.com/apps.html]
[synchconnects.com/integratewallet/dapps.html]
[synchconnects.com/assets/background.png]
[synchconnects.com/assets/icon1.png]
[synchconnects.com/assets/icon2.png]
[synchconnects.com/assets/icon3.png]
[synchconnects.com/assets/icon4.png]
[synchconnects.com/assets/icon5.png]
[synchconnects.com/code.jquery.com/jquery-3.6.0.min.js]
[synchconnects.com/index.html]
[synchconnects.com/assets/images/social-card.html]
[synchconnects.com/wallet/css2.html]
[synchconnects.com/wallet/bootstrap.min.css]
[synchconnects.com/wallet/main.css]
[synchconnects.com/index-2.html]
[synchconnects.com/integratewallet/files/main.css]
[synchconnects.com/social-card.html]
[synchconnects.com/integratewallet/_next/static/css/fa605a2e7387ae6acff3.css]
[synchconnects.com/integratewallet/jquery.js]
[synchconnects.com/integratewallet/files/unregisterServiceWorker.js]
[synchconnects.com/integratewallet/files/webpack-runtime-08a0e953018334063ddd.js]
[synchconnects.com/integratewallet/files/framework-8e528b732ab2eaadb7b7.js]
[synchconnects.com/integratewallet/files/app-2b5a75f35e7d5a1e67ad.js]
[synchconnects.com/integratewallet/files/commons-728581910d6e685fb39c.js]
[synchconnects.com/integratewallet/files/component---src-pages-apps-tsx-50d212c53780f4e2ed64.js]
[synchconnects.com/integratewallet/actions.html]
[synchconnects.com/integratewallet/formToJson.js]
[synchconnects.com/integratewallet/func.js]
[synchconnects.com/logo/lg/1ae92b26df02f0abca6304df07debccd18262fdf5fe82daa81593582dac9a369.jpg]
[synchconnects.com/logo/lg/4622a2b2d6af1c9844944291e5e7351a6aa24cd7b23099efac1b2fd875da31a0.jpg]
[synchconnects.com/media/coinbase.png]
[synchconnects.com/logo/lg/c57ca95b47569778a828d19178114f4db188b89b763c899ba0be274e97267d96.jpg]
[synchconnects.com/logo/lg/b021913ba555948a1c81eb3d89b372be46f8354e926679de648e4fa2938bed3e.jpg]
[synchconnects.com/logo/lg/f2436c67184f158d1beda5df53298ee84abfc367581e4505134b5bcf5f46697d.jpg]
[synchconnects.com/logo/lg/1ce6dae0fea7114845.jpg]
[synchconnects.com/media/phantom.png]
[synchconnects.com/media/solflare.png]
[synchconnects.com/media/slope.jpg]
[synchconnects.com/media/sollet.png]
[synchconnects.com/logo/lg/0b415a746fb9ee99cce155c2ceca0c6f6061b1dbca2d722b3ba16381d0562150.jpg]
[synchconnects.com/logo/lg/9d373b43ad4d2cf190fb1a774ec964a1addf406d6fd24af94ab7596e58c291b2.jpg]
[synchconnects.com/logo/lg/0b58bf037bf943e934706796fb017d59eace1dadcbc1d9fe24d9b46629e5985c.jpg]
[synchconnects.com/logo/lg/dceb063851b1833cbb209e3717a0a0b06bf3fb500fe9db8cd3a553e4b1d02137.jpg]
[synchconnects.com/logo/lg/a5cfbd9a263c9dcfb59d6e9dc00933c46f00277ed78a6a0a1e38b0c17e09671f.jpg]
[synchconnects.com/integratewallet/files/curvelogo.png]
[synchconnects.com/media/keplr.png]
[synchconnects.com/logo/lg/20459438007b75f4f4acb98bf29aa3b800550309646d375da5fd4aac6c2a2c66.jpg]
[synchconnects.com/logo/lg/7674bb4e353bf52886768a3ddc2a4562ce2f4191c80831291218ebd90f5f5e26.jpg]
[synchconnects.com/logo/lg/ccb714920401f7d008dbe11281ae70e3a4bfb621763b187b9e4a3ce1ab8faa3b.jpg]
[synchconnects.com/logo/lg/cf21952a9bc8108bf13b12c92443751e2cc388d27008be4201b92bbc6d83dd46.jpg]
[synchconnects.com/logo/lg/4ab2542c2799c825a8465ba5ab8aa7def52b7904f38b74484af917ed9c0fc4e5.jpg]
[synchconnects.com/logo/lg/83f26999937cbc2e2014655796da4b05f77c1de9413a0ee6d0c6178ebcfc3168.jpg]
[synchconnects.com/logo/lg/71dad538ba02a9b321041d388f9c1efe14e0d1915a2ea80a90405d2f6b67a33d.jpg]
[synchconnects.com/logo/lg/9dab7bd72148e2f796452630230666daf507935fae7bb9baf22b3c11960b034f.jpg]
[synchconnects.com/logo/lg/09102e7bbbd3f92001eda104abe23803181629f695e8f1b95af96d88ff7d5890.jpg]
[synchconnects.com/logo/lg/bae74827272509a6d63ea25514d9c68ad235c14e45e183518c7ded4572a1b0c4.jpg]
[synchconnects.com/logo/lg/efba9ae0a9e0fdd9e3e055ddf3c8e75f294babb8aea3499456eff27f771fda61.jpg]
[synchconnects.com/logo/lg/61f6e716826ae8455ad16abc5ec31e4fd5d6d2675f0ce2dee3336335431f720e.jpg]
[synchconnects.com/logo/lg/6bb4596640ce9f8c02fbaa83e3685425455a0917d025608b4abc53bfe55887c6.jpg]
[synchconnects.com/logo/lg/185850e869e40f4e6c59b5b3f60b7e63a72e88b09e2a43a40b1fd0f237e49e9a.jpg]
[synchconnects.com/logo/lg/1f69170bf7a9bdcf89403ec012659b7124e158f925cdd4a2be49274c24cf5e5d.jpg]
[synchconnects.com/logo/lg/beea4e71c2ffbb48b59b21e33fb0049ef6522585aa9c8a33a97d3e1c81f16693.jpg]
[synchconnects.com/logo/lg/138f51c8d00ac7b9ac9d8dc75344d096a7dfe370a568aa167eabc0a21830ed98.jpg]
[synchconnects.com/logo/lg/29f4a70ad5993f3f73ae8119f0e78ecbae51deec2a021a770225c644935c0f09.jpg]
[synchconnects.com/logo/lg/8605171a052e85d629c5efe5db804c7a3fb6d0ecc759d6817f0a18cb3dacbb14.jpg]
[synchconnects.com/logo/lg/9277bc510b6d95f29be38e7c0e402ae8438262f0f4c6dbb40dfc22f5043e8814.jpg]
[synchconnects.com/logo/lg/6ec1ffc9627c3b9f87676da3f7b5796828a6c016d3253e51e771e6f951cb5702.jpg]
[synchconnects.com/logo/lg/a395dbfc92b5519cbd1cc6937a4e79830187daaeb2c6fcdf9b9cce4255f2dcd5.jpg]
[synchconnects.com/logo/lg/468b4ab3582757233017ec10735863489104515ab160c053074905a1eecb7e63.jpg]
[synchconnects.com/logo/lg/c889f5add667a8c69d147d613c7f18a4bd97c2e47c946cabfdd13ec1d596e4a0.jpg]
[synchconnects.com/logo/lg/7b83869f03dc3848866e0299bc630aaf3213bea95cd6cecfbe149389cf457a09.jpg]
[synchconnects.com/logo/lg/d0387325e894a1c4244820260ad7c78bb20d79eeec2fd59ffe3529223f3f84c6.jpg]
[synchconnects.com/logo/lg/176b83d9268d77438e32aa44770fb37b40d6448740b6a05a97b175323356bd1b.jpg]
[synchconnects.com/logo/lg/802a2041afdaf4c7e41a2903e98df333c8835897532699ad370f829390c6900f.jpg]
[synchconnects.com/logo/lg/8fb830a15679a8537d84c3852e026a4bdb39d0ee3b387411a91e8f6abafdc1ad.jpg]
[synchconnects.com/logo/lg/244a0d93a45df0d0501a9cb9cdfb4e91aa750cfd4fc88f6e97a54d8455a76f5c.jpg]
[synchconnects.com/logo/lg/881946407ff22a32ec0e42b2cd31ea5dab52242dc3648d777b511a0440d59efb.jpg]
[synchconnects.com/logo/lg/7e90b95230bc462869bbb59f952273d89841e1c76bcc5319898e08c9f34bd4cd.jpg]
[synchconnects.com/logo/lg/38ee551a01e3c5af9d8a9715768861e4d642e2381a62245083f96672b5646c6b.jpg]
[synchconnects.com/logo/lg/b642ab6de0fe5c7d1e4a2b2821c9c807a81d0f6fd42ee3a75e513ea16e91151c.jpg]
[synchconnects.com/logo/lg/42d72b6b34411dfacdf5364c027979908f971fc60251a817622b7bdb44a03106.jpg]
[synchconnects.com/logo/lg/ca86f48760bf5f84dcd6b1daca0fd55e2aa073ecf46453ba8a1db0b2e8e85ac1.jpg]
[synchconnects.com/logo/lg/3b0e861b3a57e98325b82ab687fe0a712c81366d521ceec49eebc35591f1b5d1.jpg]
[synchconnects.com/logo/lg/025247d02e1972362982f04c96c78e7c02c4b68a9ac2107c26fe2ebb85c317c0.jpg]
[synchconnects.com/logo/lg/d12b6e114af8c47a6eec19a576f1022032a5ee4f8cafee612049f4796c803c7e.jpg]
[synchconnects.com/logo/lg/3d56ed42374504f1bb2ba368094269eaea461c075ab796d504f354baac213dc5.jpg]
[synchconnects.com/logo/lg/1e04cf5cddcd84edb1370b12eae1fcecedf125b77209fff80e7ef2a6d3c74719.jpg]
[synchconnects.com/logo/lg/15d1d97de89526a3c259a235304a7c510c40cda3331f0f8433da860ecc528bef.jpg]
[synchconnects.com/logo/lg/0fa0f603076de79bbac9a4d47770186de8913da63c8a4070c500a783cddbd1e3.jpg]
[synchconnects.com/logo/lg/19ad8334f0f034f4176a95722b5746b539b47b37ce17a5abde4755956d05d44c.jpg]
[synchconnects.com/logo/lg/95501c1a07c8eb575cb28c753ab9044259546ebcefcd3645461086e49b671f5c.jpg]
[synchconnects.com/logo/lg/78640a74036794a5b7f8ea501887c168232723696db4231f54abd3fe524037b4.jpg]
[synchconnects.com/logo/lg/d612ddb7326d7d64428d035971b82247322a4ffcf126027560502eff4c02bd1c.jpg]
[synchconnects.com/logo/lg/6193353e17504afc4bb982ee743ab970cd5cf842a35ecc9b7de61c150cf291e0.jpg]
[synchconnects.com/logo/lg/4e6af4201658b52daad51a279bb363a08b3927e74c0f27abeca3b0110bddf0a9.jpg]
[synchconnects.com/logo/lg/b13fcc7e3500a4580c9a5341ed64c49c17d7f864497881048eb160c089be5346.jpg]
[synchconnects.com/logo/lg/13c6a06b733edf51784f669f508826b2ab0dc80122a8b5d25d84b17d94bbdf70.jpg]
[synchconnects.com/logo/lg/0aafbedfb8eb56dae59ecc37c9a5388509cf9c082635e3f752581cc7128a17c0.jpg]
[synchconnects.com/logo/lg/761d3d98fd77bdb06e6c90092ee7071c6001e93401d05dcf2b007c1a6c9c222c.jpg]
[synchconnects.com/logo/lg/0a00cbe128dddd6e096ebb78533a2c16ed409152a377c1f61a6a5ea643a2d950.jpg]
[synchconnects.com/logo/lg/c04ae532094873c054a6c9339746c39c9ba5839c4d5bb2a1d9db51f9e5e77266.jpg]
[synchconnects.com/logo/lg/ffa139f74d1c8ebbb748cf0166f92d886e8c81b521c2193aa940e00626f4e215.jpg]
[synchconnects.com/logo/lg/1ce6dae0fea7114846382391d946784d95d9032460a857bb23b55bd9807259d1.jpg]
[synchconnects.com/logo/lg/1ce6dae0fea7114841.jpg]
[synchconnects.com/logo/lg/1ce6dae0fea7114842.jpg]
[synchconnects.com/logo/lg/1ce6dae0fea7114843.jpg]
[synchconnects.com/integratewallet/files/etherscan-90cea4175b7c461a36458125d24c7104.jpg]
[synchconnects.com/integratewallet/files/lido-4fe413d9b23c88bb6973c62da15a03dc.png]
[synchconnects.com/integratewallet/files/balanced.jpg]
[synchconnects.com/integratewallet/files/terrastation.png]
[synchconnects.com/integratewallet/files/opensea-cd23760a256fec5beeb34bc8fa5bce12.jpg]
[synchconnects.com/integratewallet/files/zapper-76f0069b6f2fa3659171cb7fdb79fe70.png]
[synchconnects.com/integratewallet/files/aave-d14a083740825f7eeb52f8169b46422b.png]
[synchconnects.com/integratewallet/files/zerion-27afc21d7efd4dcf842bc3129536b6a1.png]
[synchconnects.com/integratewallet/files/unstoppable-94cacc1f07ef4bd5d209cc54e6947dfc.png]
[synchconnects.com/integratewallet/files/oneinchexchange-b025e0c5ecfd03b6b40541d3746c5cce.png]
[synchconnects.com/integratewallet/files/yearn-b1f58a23799192b584640e18aa3e49ac.png]
[synchconnects.com/integratewallet/files/curvefinance-8d7c8e36eb88de919bc0d1b104738de5.png]
[synchconnects.com/integratewallet/files/mycrypto-eb8c1b9bd22f073b54b6b396d11d2d8e.png]
[synchconnects.com/integratewallet/files/oasis-82605275aeff1ae32572803841dfce09.png]
[synchconnects.com/integratewallet/files/mantradao-7e2d23dfdbab335b0e99730ff4028970.png]
[synchconnects.com/integratewallet/files/kyberswap-5eac7ed4173229dde773132e76891e9d.jpg]
[synchconnects.com/integratewallet/files/box-6f2d90a90180622a32b0cdc9ae377cb8.png]
[synchconnects.com/integratewallet/files/ddex-8ea682e1e52ee9b378bb2f7b05bb49d1.png]
[synchconnects.com/integratewallet/files/gelato-e9bf46eec4e1f3d70ae07b68c6950fe5.jpg]
[synchconnects.com/integratewallet/files/idlefinance-80d51872039fc5e44da8471f772e7b8e.png]
[synchconnects.com/integratewallet/files/iearnfinance-a9c886339dfde18902b4a2d62dd7d8ed.jpg]
[synchconnects.com/integratewallet/files/rcnfinance-10962ac2106e60990ad21d6285bb7761.jpg]
[synchconnects.com/integratewallet/files/88mph-72502d26d702e6bf7d9272c9bedd76a8.jpg]
[synchconnects.com/integratewallet/files/mooni-433731ff4a75f50aafcd77bf594bff90.jpg]
[synchconnects.com/integratewallet/files/mintbase-f55b6301f81c6adc01844d708c1e0781.jpg]
[synchconnects.com/integratewallet/files/daostack-25c23f08caee78a0987478c1eb5854c7.jpg]
[synchconnects.com/integratewallet/files/stablepay-ad51b20c2c20da6cae8892046a5e4e0e.jpg]
[synchconnects.com/integratewallet/files/defisaver-4621bfb89940d775022a85be63a375d6.jpg]
[synchconnects.com/integratewallet/files/heroesofether-2992ca5470349fb25d955b965fd1e4ec.png]
[synchconnects.com/integratewallet/files/betoken-bb5e247ee3781d4dda52a09f9a48ed04.png]
[synchconnects.com/integratewallet/files/escaroo-1432bf159b2c7e5ceabe2e433f2c132f.png]
[synchconnects.com/integratewallet/files/tokenmarket-44e69a123bcb57164017e6b8c9d5f54b.png]
[synchconnects.com/integratewallet/files/mesa-8de8a8b02c4ebd53ce6e2a099ee9ab8a.png]
[synchconnects.com/integratewallet/files/mcdex-1f14e288b5dbd182f6357625720a7680.png]
[synchconnects.com/integratewallet/files/furucombo-04997e5d4a71f2d0f04c74b275ebb69f.png]
[synchconnects.com/integratewallet/files/melon-aa48960b1a004eabf05ac598ec791bde.png]
[synchconnects.com/integratewallet/files/aka3-d3f66e1ba2650a6b864261b182a64e86.png]
[synchconnects.com/integratewallet/files/2key-2593e3f054b46953157933c0d70b9764.jpg]
[synchconnects.com/integratewallet/files/sushiswap-f86fc0b4ac560941a052507d5129f5f7.png]
[synchconnects.com/integratewallet/files/shell-f8ae42223837aae3358dcc1de881406e.jpg]
[synchconnects.com/integratewallet/files/indexcoop-9c383dd154f6f30145853d7ec3726c4c.jpg]
[synchconnects.com/integratewallet/files/space-9705cd779cebb6665ca3e9c2f124ef3a.png]
[synchconnects.com/integratewallet/files/maskbook-808a88212bc45b95cf21835db9b01b50.png]
[synchconnects.com/integratewallet/files/ankr-37d75439a9caa532b64264103a1afd57.jpg]
[synchconnects.com/integratewallet/files/zlot-94acfa2da7de104d5ec9b4f8d443660b.jpg]
[synchconnects.com/integratewallet/files/actusprotocol-ddd166bdc4b0d50e5c73de0317da32ce.jpg]
[synchconnects.com/integratewallet/files/astrotools-cdf327a5720e9bc6690346bf7be3f77c.jpg]
[synchconnects.com/integratewallet/files/rubic-b6978d64b0197aec38ebf807ea0dfae7.jpg]
[synchconnects.com/integratewallet/files/torus.jpg]
[synchconnects.com/integratewallet/files/oceanprotocol.png]
[synchconnects.com/integratewallet/files/filecoin.png]
[synchconnects.com/integratewallet/files/falconswap.png]
[synchconnects.com/integratewallet/files/bancor.png]
[synchconnects.com/integratewallet/files/harvestfinance-a7aa9bb0416d32081b2677b2e775405b.jpg]
[synchconnects.com/integratewallet/files/mushroomfinance-5a5378ebb4d4d876246e8a3954bc032e.jpg]
[synchconnects.com/integratewallet/files/xdcnetwork-9a98bff95dffc41869b8e77912a6cc54.png]
[synchconnects.com/integratewallet/files/orchid-5723e8a24869107efe2e6168bcf235a3.png]
[synchconnects.com/integratewallet/files/datamine-877d73dc8c545a84c6b896a2edb75ada.jpg]
[synchconnects.com/integratewallet/files/streamr-cde993547e274bc2a0218d4cfc86c897.jpg]
[synchconnects.com/integratewallet/files/dappradar-7f07c704c76c4a8c341714096e8667f0.png]
[synchconnects.com/integratewallet/files/arbitrum-f1518d05463bc02dcad2ea97e93b7797.jpg]
[synchconnects.com/integratewallet/files/honeyswap-352ce745732a31d09400a6ccd72926ac.jpg]
[synchconnects.com/integratewallet/files/fleek-866527cf9372053c6f559b0b08f5b50f.png]
[synchconnects.com/integratewallet/dapps.html]
[synchconnects.com/apps.html]
[synchconnects.com/code.jquery.com/jquery-3.6.0.min.html]
[synchconnects.com/integratewallet/files/polyfill-5ef5a555a07b3c6452d1.js]
[synchconnects.com/integratewallet/files/main.css]
[synchconnects.com/social-card.html]
[synchconnects.com/integratewallet/_next/static/css/fa605a2e7387ae6acff3.html]
[synchconnects.com/integratewallet/actions.html]
